<?xml version="1.0" encoding="utf-8" standalone="no"?>
<!--This file represents the results of running a test suite-->
<test-results name="C:\Users\Administrator\Desktop\github\travis2\TestObj.nunit" total="2" errors="0" failures="0" not-run="0" inconclusive="0" ignored="0" skipped="0" invalid="0" date="2015-11-16" time="17:21:46">
  <environment nunit-version="2.6.4.14350" clr-version="2.0.50727.5485" os-version="Microsoft Windows NT 6.1.7601 Service Pack 1" platform="Win32NT" cwd="C:\Users\Administrator\Documents\Visual Studio 2013\Projects\NUnitTestProject1\packages\NUnit.Runners.2.6.4\tools" machine-name="GT-DEV-MASROORA" user="Administrator" user-domain="GT-DEV-MASROORA" />
  <culture-info current-culture="en-US" current-uiculture="en-US" />
  <test-suite type="Project" name="C:\Users\Administrator\Desktop\github\travis2\TestObj.nunit" executed="True" result="Success" success="True" time="0.115" asserts="0">
    <results>
      <test-suite type="Assembly" name="C:\Users\Administrator\Desktop\github\travis2\TestObj\TestObj\bin\Debug\TestObj.dll" executed="True" result="Success" success="True" time="0.074" asserts="0">
        <results>
          <test-suite type="Namespace" name="ObjTest" executed="True" result="Success" success="True" time="0.073" asserts="0">
            <results>
              <test-suite type="TestFixture" name="ObjTest" executed="True" result="Success" success="True" time="0.069" asserts="0">
                <results>
                  <test-case name="ObjTest.ObjTest.TwoPlusTwoFour" executed="True" result="Success" success="True" time="0.051" asserts="1" />
                </results>
              </test-suite>
            </results>
          </test-suite>
        </results>
      </test-suite>
      <test-suite type="Assembly" name="C:\Users\Administrator\Desktop\github\travis2\TestObj\TestObj\bin\Debug\TestObj.dll" executed="True" result="Success" success="True" time="0.003" asserts="0">
        <results>
          <test-suite type="Namespace" name="ObjTest" executed="True" result="Success" success="True" time="0.002" asserts="0">
            <results>
              <test-suite type="TestFixture" name="ObjTest" executed="True" result="Success" success="True" time="0.001" asserts="0">
                <results>
                  <test-case name="ObjTest.ObjTest.TwoPlusTwoFour" executed="True" result="Success" success="True" time="0.000" asserts="1" />
                </results>
              </test-suite>
            </results>
          </test-suite>
        </results>
      </test-suite>
    </results>
  </test-suite>
</test-results>